xrun: 20.09-s003: (c) Copyright 1995-2020 Cadence Design Systems, Inc.
TOOL:	xrun	20.09-s003: Started on Apr 24, 2024 at 13:43:49 EDT
xrun
	-Q
	-unbuffered
	-timescale 1ns/1ns
	-sysv
	-access +rw
	design.sv
	testbench.sv
	Top level design units:
		freq_gen_tb
xmelab: *W,DSEMEL: This SystemVerilog design will be simulated as per IEEE 1800-2009 SystemVerilog simulation semantics. Use -disable_sem2009 option for turning off SV 2009 simulation semantics.
Loading snapshot worklib.freq_gen_tb:sv .................... Done
xmsim: *W,DSEM2009: This SystemVerilog design is simulated as per IEEE 1800-2009 SystemVerilog simulation semantics. Use -disable_sem2009 option for turning off SV 2009 simulation semantics.
xcelium> source /xcelium20.09/tools/xcelium/files/xmsimrc
xcelium> run
*_________________________________________________*
Original frequency is 6.00e+08 Hz.
Original period is 1.667e-09 s.
Original period is 1.667 simulation time units.
   3.000ns: Reset
223596.359ns: Simulation end. Number of mismatches: 0.
#==========================================================#
Simulation complete via $finish(1) at time 223596359 PS + 3
./testbench.sv:86         $finish;
xcelium> exit
TOOL:	xrun	20.09-s003: Exiting on Apr 24, 2024 at 13:43:50 EDT  (total: 00:00:01)
